0 info it worked if it ends with ok
1 verbose cli [ 'C:\\Program Files\\nodejs\\node.exe',
1 verbose cli   'C:\\Users\\aaron\\AppData\\Roaming\\npm\\node_modules\\cnpm\\node_modules\\npm\\bin\\npm-cli.js',
1 verbose cli   '--userconfig=C:\\Users\\aaron\\.cnpmrc',
1 verbose cli   '--disturl=https://npm.taobao.org/mirrors/node',
1 verbose cli   '--registry=https://registry.npm.taobao.org',
1 verbose cli   'run',
1 verbose cli   'dev' ]
2 info using npm@3.10.10
3 info using node@v6.10.2
4 verbose run-script [ 'predev', 'dev', 'postdev' ]
5 info lifecycle vue-hackernews-2.0@~predev: vue-hackernews-2.0@
6 silly lifecycle vue-hackernews-2.0@~predev: no script for predev, continuing
7 info lifecycle vue-hackernews-2.0@~dev: vue-hackernews-2.0@
8 verbose lifecycle vue-hackernews-2.0@~dev: unsafe-perm in lifecycle true
9 verbose lifecycle vue-hackernews-2.0@~dev: PATH: C:\Users\aaron\AppData\Roaming\npm\node_modules\cnpm\node_modules\npm\bin\node-gyp-bin;e:\Project11\vue-hackernews-2.0-master\node_modules\.bin;C:\Users\aaron\AppData\Roaming\npm;C:\Program Files\nodejs\;C:\Users\aaron\AppData\Roaming\npm\node_modules\nvmw\bin\nvmw.bat;C:\Program Files\Git\cmd;C:\Program Files\nodejs\;D:\Program Files\Java\jdk1.8.0_91\bin;D:\apache-maven-3.3.9-bin\apache-maven-3.3.9\bin;C:\Windows\system32
10 verbose lifecycle vue-hackernews-2.0@~dev: CWD: e:\Project11\vue-hackernews-2.0-master
11 silly lifecycle vue-hackernews-2.0@~dev: Args: [ '/d /s /c', 'node server' ]
12 silly lifecycle vue-hackernews-2.0@~dev: Returned: code: 1  signal: null
13 info lifecycle vue-hackernews-2.0@~dev: Failed to exec dev script
14 verbose stack Error: vue-hackernews-2.0@ dev: `node server`
14 verbose stack Exit status 1
14 verbose stack     at EventEmitter.<anonymous> (C:\Users\aaron\AppData\Roaming\npm\node_modules\cnpm\node_modules\npm\lib\utils\lifecycle.js:255:16)
14 verbose stack     at emitTwo (events.js:106:13)
14 verbose stack     at EventEmitter.emit (events.js:191:7)
14 verbose stack     at ChildProcess.<anonymous> (C:\Users\aaron\AppData\Roaming\npm\node_modules\cnpm\node_modules\npm\lib\utils\spawn.js:40:14)
14 verbose stack     at emitTwo (events.js:106:13)
14 verbose stack     at ChildProcess.emit (events.js:191:7)
14 verbose stack     at maybeClose (internal/child_process.js:886:16)
14 verbose stack     at Process.ChildProcess._handle.onexit (internal/child_process.js:226:5)
15 verbose pkgid vue-hackernews-2.0@
16 verbose cwd e:\Project11\vue-hackernews-2.0-master
17 error Windows_NT 6.1.7601
18 error argv "C:\\Program Files\\nodejs\\node.exe" "C:\\Users\\aaron\\AppData\\Roaming\\npm\\node_modules\\cnpm\\node_modules\\npm\\bin\\npm-cli.js" "--userconfig=C:\\Users\\aaron\\.cnpmrc" "--disturl=https://npm.taobao.org/mirrors/node" "--registry=https://registry.npm.taobao.org" "run" "dev"
19 error node v6.10.2
20 error npm  v3.10.10
21 error code ELIFECYCLE
22 error vue-hackernews-2.0@ dev: `node server`
22 error Exit status 1
23 error Failed at the vue-hackernews-2.0@ dev script 'node server'.
23 error Make sure you have the latest version of node.js and npm installed.
23 error If you do, this is most likely a problem with the vue-hackernews-2.0 package,
23 error not with npm itself.
23 error Tell the author that this fails on your system:
23 error     node server
23 error You can get information on how to open an issue for this project with:
23 error     npm bugs vue-hackernews-2.0
23 error Or if that isn't available, you can get their info via:
23 error     npm owner ls vue-hackernews-2.0
23 error There is likely additional logging output above.
24 verbose exit [ 1, true ]
